<?xml version="1.0" encoding="UTF-8"?>
<!-- Generated by org.testng.reporters.JUnitXMLReporter -->
<testsuite hostname="C02DCP4XML7H" ignored="0" name="Test" tests="5" failures="1" timestamp="2022-10-08T16:11:27 IST" time="73.681" errors="0">
  <testcase name="validateRecruitmentPageTitle" time="1.135" classname="com.hrm.qa.tests.RecruitmentTest">
    <skipped/>
  </testcase> <!-- validateRecruitmentPageTitle -->
  <testcase name="validateRecruitmentPageTitle" time="1.064" classname="com.hrm.qa.tests.RecruitmentTest">
    <skipped/>
  </testcase> <!-- validateRecruitmentPageTitle -->
  <testcase name="validateRecruitmentPageTitle" time="1.067" classname="com.hrm.qa.tests.RecruitmentTest">
    <failure type="java.lang.AssertionError" message="expected [Recruitments] but found [Recruitment]">
      <![CDATA[java.lang.AssertionError: expected [Recruitments] but found [Recruitment]
at com.hrm.qa.tests.RecruitmentTest.validateRecruitmentPageTitle(RecruitmentTest.java:71)
at java.util.ArrayList.forEach(ArrayList.java:1259)
... Removed 33 stack frames]]>
    </failure>
  </testcase> <!-- validateRecruitmentPageTitle -->
  <testcase name="enterCandidateCredentials" time="7.004" classname="com.hrm.qa.tests.RecruitmentTest"/>
  <testcase name="enterCandidateCredentials" time="6.788" classname="com.hrm.qa.tests.RecruitmentTest"/>
</testsuite> <!-- Test -->
