<html>
<head>
<title>TestNG:  Test</title>
<link href="../testng.css" rel="stylesheet" type="text/css" />
<link href="../my-testng.css" rel="stylesheet" type="text/css" />

<style type="text/css">
.log { display: none;} 
.stack-trace { display: none;} 
</style>
<script type="text/javascript">
<!--
function flip(e) {
  current = e.style.display;
  if (current == 'block') {
    e.style.display = 'none';
    return 0;
  }
  else {
    e.style.display = 'block';
    return 1;
  }
}

function toggleBox(szDivId, elem, msg1, msg2)
{
  var res = -1;  if (document.getElementById) {
    res = flip(document.getElementById(szDivId));
  }
  else if (document.all) {
    // this is the way old msie versions work
    res = flip(document.all[szDivId]);
  }
  if(elem) {
    if(res == 0) elem.innerHTML = msg1; else elem.innerHTML = msg2;
  }

}

function toggleAllBoxes() {
  if (document.getElementsByTagName) {
    d = document.getElementsByTagName('div');
    for (i = 0; i < d.length; i++) {
      if (d[i].className == 'log') {
        flip(d[i]);
      }
    }
  }
}

// -->
</script>

</head>
<body>
<h2 align='center'>Test</h2><table border='1' align="center">
<tr>
<td>Tests passed/Failed/Skipped:</td><td>9/1/2</td>
</tr><tr>
<td>Started on:</td><td>Sat Oct 08 13:21:06 IST 2022</td>
</tr>
<tr><td>Total time:</td><td>105 seconds (105614 ms)</td>
</tr><tr>
<td>Included groups:</td><td></td>
</tr><tr>
<td>Excluded groups:</td><td></td>
</tr>
</table><p/>
<small><i>(Hover the method name to see the test class name)</i></small><p/>
<table width='100%' border='1' class='invocation-failed'>
<tr><td colspan='4' align='center'><b>FAILED CONFIGURATIONS</b></td></tr>
<tr><td><b>Test method</b></td>
<td width="30%"><b>Exception</b></td>
<td width="10%"><b>Time (seconds)</b></td>
<td><b>Instance</b></td>
</tr>
<tr>
<td title='com.hrm.qa.tests.RecruitmentTest.tearDown()'><b>tearDown</b><br>Test class: com.hrm.qa.tests.RecruitmentTest</td>
<td><div><pre>java.lang.NullPointerException
	at com.hrm.qa.tests.RecruitmentTest.tearDown(RecruitmentTest.java:99)
	at java.util.ArrayList.forEach(ArrayList.java:1259)
... Removed 35 stack frames</pre></div><a href='#' onClick='toggleBox("stack-trace496512958", this, "Click to show all stack frames", "Click to hide stack frames")'>Click to show all stack frames</a>
<div class='stack-trace' id='stack-trace496512958'><pre>java.lang.NullPointerException
	at com.hrm.qa.tests.RecruitmentTest.tearDown(RecruitmentTest.java:99)
	at sun.reflect.NativeMethodAccessorImpl.invoke0(Native Method)
	at sun.reflect.NativeMethodAccessorImpl.invoke(NativeMethodAccessorImpl.java:62)
	at sun.reflect.DelegatingMethodAccessorImpl.invoke(DelegatingMethodAccessorImpl.java:43)
	at java.lang.reflect.Method.invoke(Method.java:498)
	at org.testng.internal.invokers.MethodInvocationHelper.invokeMethod(MethodInvocationHelper.java:135)
	at org.testng.internal.invokers.MethodInvocationHelper.invokeMethodConsideringTimeout(MethodInvocationHelper.java:65)
	at org.testng.internal.invokers.ConfigInvoker.invokeConfigurationMethod(ConfigInvoker.java:381)
	at org.testng.internal.invokers.ConfigInvoker.invokeConfigurations(ConfigInvoker.java:319)
	at org.testng.internal.invokers.TestInvoker.runConfigMethods(TestInvoker.java:803)
	at org.testng.internal.invokers.TestInvoker.runAfterConfigurations(TestInvoker.java:772)
	at org.testng.internal.invokers.TestInvoker.invokeMethod(TestInvoker.java:748)
	at org.testng.internal.invokers.TestInvoker.invokeTestMethod(TestInvoker.java:220)
	at org.testng.internal.invokers.MethodRunner.runInSequence(MethodRunner.java:50)
	at org.testng.internal.invokers.TestInvoker$MethodInvocationAgent.invoke(TestInvoker.java:945)
	at org.testng.internal.invokers.TestInvoker.invokeTestMethods(TestInvoker.java:193)
	at org.testng.internal.invokers.TestMethodWorker.invokeTestMethods(TestMethodWorker.java:146)
	at org.testng.internal.invokers.TestMethodWorker.run(TestMethodWorker.java:128)
	at java.util.ArrayList.forEach(ArrayList.java:1259)
	at org.testng.TestRunner.privateRun(TestRunner.java:808)
	at org.testng.TestRunner.run(TestRunner.java:603)
	at org.testng.SuiteRunner.runTest(SuiteRunner.java:429)
	at org.testng.SuiteRunner.runSequentially(SuiteRunner.java:423)
	at org.testng.SuiteRunner.privateRun(SuiteRunner.java:383)
	at org.testng.SuiteRunner.run(SuiteRunner.java:326)
	at org.testng.SuiteRunnerWorker.runSuite(SuiteRunnerWorker.java:52)
	at org.testng.SuiteRunnerWorker.run(SuiteRunnerWorker.java:95)
	at org.testng.TestNG.runSuitesSequentially(TestNG.java:1249)
	at org.testng.TestNG.runSuitesLocally(TestNG.java:1169)
	at org.testng.TestNG.runSuites(TestNG.java:1092)
	at org.testng.TestNG.run(TestNG.java:1060)
	at org.apache.maven.surefire.testng.TestNGExecutor.run(TestNGExecutor.java:283)
	at org.apache.maven.surefire.testng.TestNGXmlTestSuite.execute(TestNGXmlTestSuite.java:75)
	at org.apache.maven.surefire.testng.TestNGProvider.invoke(TestNGProvider.java:120)
	at org.apache.maven.surefire.booter.ForkedBooter.invokeProviderInSameClassLoader(ForkedBooter.java:386)
	at org.apache.maven.surefire.booter.ForkedBooter.runSuitesInProcess(ForkedBooter.java:323)
	at org.apache.maven.surefire.booter.ForkedBooter.main(ForkedBooter.java:143)
</pre></div></td>
<td>0</td>
<td>com.hrm.qa.tests.RecruitmentTest@7d61eccf</td></tr>
</table><p>
<table width='100%' border='1' class='invocation-skipped'>
<tr><td colspan='4' align='center'><b>SKIPPED CONFIGURATIONS</b></td></tr>
<tr><td><b>Test method</b></td>
<td width="30%"><b>Exception</b></td>
<td width="10%"><b>Time (seconds)</b></td>
<td><b>Instance</b></td>
</tr>
<tr>
<td title='com.hrm.qa.tests.RecruitmentTest.launchApplication()'><b>launchApplication</b><br>Test class: com.hrm.qa.tests.RecruitmentTest</td>
<td></td>
<td>0</td>
<td>com.hrm.qa.tests.RecruitmentTest@7d61eccf</td></tr>
<tr>
<td title='com.hrm.qa.tests.RecruitmentTest.tearDown()'><b>tearDown</b><br>Test class: com.hrm.qa.tests.RecruitmentTest</td>
<td></td>
<td>0</td>
<td>com.hrm.qa.tests.RecruitmentTest@7d61eccf</td></tr>
<tr>
<td title='com.hrm.qa.tests.RecruitmentTest.launchApplication()'><b>launchApplication</b><br>Test class: com.hrm.qa.tests.RecruitmentTest</td>
<td></td>
<td>0</td>
<td>com.hrm.qa.tests.RecruitmentTest@7d61eccf</td></tr>
<tr>
<td title='com.hrm.qa.tests.RecruitmentTest.tearDown()'><b>tearDown</b><br>Test class: com.hrm.qa.tests.RecruitmentTest</td>
<td></td>
<td>0</td>
<td>com.hrm.qa.tests.RecruitmentTest@7d61eccf</td></tr>
</table><p>
<table width='100%' border='1' class='invocation-failed'>
<tr><td colspan='4' align='center'><b>FAILED TESTS</b></td></tr>
<tr><td><b>Test method</b></td>
<td width="30%"><b>Exception</b></td>
<td width="10%"><b>Time (seconds)</b></td>
<td><b>Instance</b></td>
</tr>
<tr>
<td title='com.hrm.qa.tests.HomePageTest.validateLeavePageTabClickAndTitle()'><b>validateLeavePageTabClickAndTitle</b><br>Test class: com.hrm.qa.tests.HomePageTest</td>
<td><div><pre>java.lang.AssertionError: expected:&lt;PIM&gt; but was:&lt;Leave&gt;
	at com.hrm.qa.tests.HomePageTest.validateLeavePageTabClickAndTitle(HomePageTest.java:71)
	at java.util.ArrayList.forEach(ArrayList.java:1259)
... Removed 32 stack frames</pre></div><a href='#' onClick='toggleBox("stack-trace2067156807", this, "Click to show all stack frames", "Click to hide stack frames")'>Click to show all stack frames</a>
<div class='stack-trace' id='stack-trace2067156807'><pre>java.lang.AssertionError: expected:&lt;PIM&gt; but was:&lt;Leave&gt;
	at org.testng.AssertJUnit.assertEquals(AssertJUnit.java:115)
	at org.testng.AssertJUnit.assertEquals(AssertJUnit.java:125)
	at com.hrm.qa.tests.HomePageTest.validateLeavePageTabClickAndTitle(HomePageTest.java:71)
	at sun.reflect.NativeMethodAccessorImpl.invoke0(Native Method)
	at sun.reflect.NativeMethodAccessorImpl.invoke(NativeMethodAccessorImpl.java:62)
	at sun.reflect.DelegatingMethodAccessorImpl.invoke(DelegatingMethodAccessorImpl.java:43)
	at java.lang.reflect.Method.invoke(Method.java:498)
	at org.testng.internal.invokers.MethodInvocationHelper.invokeMethod(MethodInvocationHelper.java:135)
	at org.testng.internal.invokers.TestInvoker.invokeMethod(TestInvoker.java:673)
	at org.testng.internal.invokers.TestInvoker.invokeTestMethod(TestInvoker.java:220)
	at org.testng.internal.invokers.MethodRunner.runInSequence(MethodRunner.java:50)
	at org.testng.internal.invokers.TestInvoker$MethodInvocationAgent.invoke(TestInvoker.java:945)
	at org.testng.internal.invokers.TestInvoker.invokeTestMethods(TestInvoker.java:193)
	at org.testng.internal.invokers.TestMethodWorker.invokeTestMethods(TestMethodWorker.java:146)
	at org.testng.internal.invokers.TestMethodWorker.run(TestMethodWorker.java:128)
	at java.util.ArrayList.forEach(ArrayList.java:1259)
	at org.testng.TestRunner.privateRun(TestRunner.java:808)
	at org.testng.TestRunner.run(TestRunner.java:603)
	at org.testng.SuiteRunner.runTest(SuiteRunner.java:429)
	at org.testng.SuiteRunner.runSequentially(SuiteRunner.java:423)
	at org.testng.SuiteRunner.privateRun(SuiteRunner.java:383)
	at org.testng.SuiteRunner.run(SuiteRunner.java:326)
	at org.testng.SuiteRunnerWorker.runSuite(SuiteRunnerWorker.java:52)
	at org.testng.SuiteRunnerWorker.run(SuiteRunnerWorker.java:95)
	at org.testng.TestNG.runSuitesSequentially(TestNG.java:1249)
	at org.testng.TestNG.runSuitesLocally(TestNG.java:1169)
	at org.testng.TestNG.runSuites(TestNG.java:1092)
	at org.testng.TestNG.run(TestNG.java:1060)
	at org.apache.maven.surefire.testng.TestNGExecutor.run(TestNGExecutor.java:283)
	at org.apache.maven.surefire.testng.TestNGXmlTestSuite.execute(TestNGXmlTestSuite.java:75)
	at org.apache.maven.surefire.testng.TestNGProvider.invoke(TestNGProvider.java:120)
	at org.apache.maven.surefire.booter.ForkedBooter.invokeProviderInSameClassLoader(ForkedBooter.java:386)
	at org.apache.maven.surefire.booter.ForkedBooter.runSuitesInProcess(ForkedBooter.java:323)
	at org.apache.maven.surefire.booter.ForkedBooter.main(ForkedBooter.java:143)
</pre></div></td>
<td>5</td>
<td>com.hrm.qa.tests.HomePageTest@226f885f</td></tr>
</table><p>
<table width='100%' border='1' class='invocation-passed'>
<tr><td colspan='4' align='center'><b>PASSED TESTS</b></td></tr>
<tr><td><b>Test method</b></td>
<td width="30%"><b>Exception</b></td>
<td width="10%"><b>Time (seconds)</b></td>
<td><b>Instance</b></td>
</tr>
<tr>
<td title='com.hrm.qa.tests.LoginPageTest.validateLoginPageTitle()'><b>validateLoginPageTitle</b><br>Test class: com.hrm.qa.tests.LoginPageTest</td>
<td></td>
<td>0</td>
<td>com.hrm.qa.tests.LoginPageTest@5ef8df1e</td></tr>
<tr>
<td title='com.hrm.qa.tests.LeavePageTest.validateLeavePageTabClickAndTitle()'><b>validateLeavePageTabClickAndTitle</b><br>Test class: com.hrm.qa.tests.LeavePageTest</td>
<td></td>
<td>0</td>
<td>com.hrm.qa.tests.LeavePageTest@21ca139c</td></tr>
<tr>
<td title='com.hrm.qa.tests.LeavePageTest.selectLeaveMemeberCheckbox()'><b>selectLeaveMemeberCheckbox</b><br>Test class: com.hrm.qa.tests.LeavePageTest</td>
<td></td>
<td>2</td>
<td>com.hrm.qa.tests.LeavePageTest@21ca139c</td></tr>
<tr>
<td title='com.hrm.qa.tests.RecruitmentTest.validateRecruitmentPageTitle()'><b>validateRecruitmentPageTitle</b><br>Test class: com.hrm.qa.tests.RecruitmentTest</td>
<td></td>
<td>2</td>
<td>com.hrm.qa.tests.RecruitmentTest@7d61eccf</td></tr>
<tr>
<td title='com.hrm.qa.tests.LoginPageTest.enterCredentials()'><b>enterCredentials</b><br>Test class: com.hrm.qa.tests.LoginPageTest</td>
<td></td>
<td>4</td>
<td>com.hrm.qa.tests.LoginPageTest@5ef8df1e</td></tr>
<tr>
<td title='com.hrm.qa.tests.HomePageTest.validateAdminHeadeClickAndTitle()'><b>validateAdminHeadeClickAndTitle</b><br>Test class: com.hrm.qa.tests.HomePageTest</td>
<td></td>
<td>6</td>
<td>com.hrm.qa.tests.HomePageTest@226f885f</td></tr>
<tr>
<td title='com.hrm.qa.tests.HomePageTest.validateHomePageTitle()'><b>validateHomePageTitle</b><br>Test class: com.hrm.qa.tests.HomePageTest</td>
<td></td>
<td>3</td>
<td>com.hrm.qa.tests.HomePageTest@226f885f</td></tr>
<tr>
<td title='com.hrm.qa.tests.HomePageTest.validatePimPageTabClickAndTitle()'><b>validatePimPageTabClickAndTitle</b><br>Test class: com.hrm.qa.tests.HomePageTest</td>
<td></td>
<td>6</td>
<td>com.hrm.qa.tests.HomePageTest@226f885f</td></tr>
<tr>
<td title='com.hrm.qa.tests.LoginPageTest.validateLoginButtonIsPresentAndEnabled()'><b>validateLoginButtonIsPresentAndEnabled</b><br>Test class: com.hrm.qa.tests.LoginPageTest</td>
<td></td>
<td>0</td>
<td>com.hrm.qa.tests.LoginPageTest@5ef8df1e</td></tr>
</table><p>
<table width='100%' border='1' class='invocation-skipped'>
<tr><td colspan='4' align='center'><b>SKIPPED TESTS</b></td></tr>
<tr><td><b>Test method</b></td>
<td width="30%"><b>Exception</b></td>
<td width="10%"><b>Time (seconds)</b></td>
<td><b>Instance</b></td>
</tr>
<tr>
<td title='com.hrm.qa.tests.RecruitmentTest.enterCandidateCredentials()'><b>enterCandidateCredentials</b><br>Test class: com.hrm.qa.tests.RecruitmentTest<br>Parameters: Shakti, Shambhu, Senior QA Lead, shakti@bharat.co.in, 9711919191, notes free text jai hind vande mataram</td>
<td><div><pre>java.lang.NullPointerException
	at com.hrm.qa.tests.RecruitmentTest.tearDown(RecruitmentTest.java:99)
	at java.util.ArrayList.forEach(ArrayList.java:1259)
... Removed 35 stack frames</pre></div><a href='#' onClick='toggleBox("stack-trace1294716072", this, "Click to show all stack frames", "Click to hide stack frames")'>Click to show all stack frames</a>
<div class='stack-trace' id='stack-trace1294716072'><pre>java.lang.NullPointerException
	at com.hrm.qa.tests.RecruitmentTest.tearDown(RecruitmentTest.java:99)
	at sun.reflect.NativeMethodAccessorImpl.invoke0(Native Method)
	at sun.reflect.NativeMethodAccessorImpl.invoke(NativeMethodAccessorImpl.java:62)
	at sun.reflect.DelegatingMethodAccessorImpl.invoke(DelegatingMethodAccessorImpl.java:43)
	at java.lang.reflect.Method.invoke(Method.java:498)
	at org.testng.internal.invokers.MethodInvocationHelper.invokeMethod(MethodInvocationHelper.java:135)
	at org.testng.internal.invokers.MethodInvocationHelper.invokeMethodConsideringTimeout(MethodInvocationHelper.java:65)
	at org.testng.internal.invokers.ConfigInvoker.invokeConfigurationMethod(ConfigInvoker.java:381)
	at org.testng.internal.invokers.ConfigInvoker.invokeConfigurations(ConfigInvoker.java:319)
	at org.testng.internal.invokers.TestInvoker.runConfigMethods(TestInvoker.java:803)
	at org.testng.internal.invokers.TestInvoker.runAfterConfigurations(TestInvoker.java:772)
	at org.testng.internal.invokers.TestInvoker.invokeMethod(TestInvoker.java:748)
	at org.testng.internal.invokers.TestInvoker.invokeTestMethod(TestInvoker.java:220)
	at org.testng.internal.invokers.MethodRunner.runInSequence(MethodRunner.java:50)
	at org.testng.internal.invokers.TestInvoker$MethodInvocationAgent.invoke(TestInvoker.java:945)
	at org.testng.internal.invokers.TestInvoker.invokeTestMethods(TestInvoker.java:193)
	at org.testng.internal.invokers.TestMethodWorker.invokeTestMethods(TestMethodWorker.java:146)
	at org.testng.internal.invokers.TestMethodWorker.run(TestMethodWorker.java:128)
	at java.util.ArrayList.forEach(ArrayList.java:1259)
	at org.testng.TestRunner.privateRun(TestRunner.java:808)
	at org.testng.TestRunner.run(TestRunner.java:603)
	at org.testng.SuiteRunner.runTest(SuiteRunner.java:429)
	at org.testng.SuiteRunner.runSequentially(SuiteRunner.java:423)
	at org.testng.SuiteRunner.privateRun(SuiteRunner.java:383)
	at org.testng.SuiteRunner.run(SuiteRunner.java:326)
	at org.testng.SuiteRunnerWorker.runSuite(SuiteRunnerWorker.java:52)
	at org.testng.SuiteRunnerWorker.run(SuiteRunnerWorker.java:95)
	at org.testng.TestNG.runSuitesSequentially(TestNG.java:1249)
	at org.testng.TestNG.runSuitesLocally(TestNG.java:1169)
	at org.testng.TestNG.runSuites(TestNG.java:1092)
	at org.testng.TestNG.run(TestNG.java:1060)
	at org.apache.maven.surefire.testng.TestNGExecutor.run(TestNGExecutor.java:283)
	at org.apache.maven.surefire.testng.TestNGXmlTestSuite.execute(TestNGXmlTestSuite.java:75)
	at org.apache.maven.surefire.testng.TestNGProvider.invoke(TestNGProvider.java:120)
	at org.apache.maven.surefire.booter.ForkedBooter.invokeProviderInSameClassLoader(ForkedBooter.java:386)
	at org.apache.maven.surefire.booter.ForkedBooter.runSuitesInProcess(ForkedBooter.java:323)
	at org.apache.maven.surefire.booter.ForkedBooter.main(ForkedBooter.java:143)
</pre></div></td>
<td>0</td>
<td>com.hrm.qa.tests.RecruitmentTest@7d61eccf</td></tr>
<tr>
<td title='com.hrm.qa.tests.RecruitmentTest.enterCandidateCredentials()'><b>enterCandidateCredentials</b><br>Test class: com.hrm.qa.tests.RecruitmentTest<br>Parameters: Shiva, Shambhu, Senior QA Lead, shiva@bharat.co.in, 9197919191, notes free text jai hind vande mataram</td>
<td><div><pre>java.lang.NullPointerException
	at com.hrm.qa.tests.RecruitmentTest.tearDown(RecruitmentTest.java:99)
	at java.util.ArrayList.forEach(ArrayList.java:1259)
... Removed 35 stack frames</pre></div><a href='#' onClick='toggleBox("stack-trace1094329632", this, "Click to show all stack frames", "Click to hide stack frames")'>Click to show all stack frames</a>
<div class='stack-trace' id='stack-trace1094329632'><pre>java.lang.NullPointerException
	at com.hrm.qa.tests.RecruitmentTest.tearDown(RecruitmentTest.java:99)
	at sun.reflect.NativeMethodAccessorImpl.invoke0(Native Method)
	at sun.reflect.NativeMethodAccessorImpl.invoke(NativeMethodAccessorImpl.java:62)
	at sun.reflect.DelegatingMethodAccessorImpl.invoke(DelegatingMethodAccessorImpl.java:43)
	at java.lang.reflect.Method.invoke(Method.java:498)
	at org.testng.internal.invokers.MethodInvocationHelper.invokeMethod(MethodInvocationHelper.java:135)
	at org.testng.internal.invokers.MethodInvocationHelper.invokeMethodConsideringTimeout(MethodInvocationHelper.java:65)
	at org.testng.internal.invokers.ConfigInvoker.invokeConfigurationMethod(ConfigInvoker.java:381)
	at org.testng.internal.invokers.ConfigInvoker.invokeConfigurations(ConfigInvoker.java:319)
	at org.testng.internal.invokers.TestInvoker.runConfigMethods(TestInvoker.java:803)
	at org.testng.internal.invokers.TestInvoker.runAfterConfigurations(TestInvoker.java:772)
	at org.testng.internal.invokers.TestInvoker.invokeMethod(TestInvoker.java:748)
	at org.testng.internal.invokers.TestInvoker.invokeTestMethod(TestInvoker.java:220)
	at org.testng.internal.invokers.MethodRunner.runInSequence(MethodRunner.java:50)
	at org.testng.internal.invokers.TestInvoker$MethodInvocationAgent.invoke(TestInvoker.java:945)
	at org.testng.internal.invokers.TestInvoker.invokeTestMethods(TestInvoker.java:193)
	at org.testng.internal.invokers.TestMethodWorker.invokeTestMethods(TestMethodWorker.java:146)
	at org.testng.internal.invokers.TestMethodWorker.run(TestMethodWorker.java:128)
	at java.util.ArrayList.forEach(ArrayList.java:1259)
	at org.testng.TestRunner.privateRun(TestRunner.java:808)
	at org.testng.TestRunner.run(TestRunner.java:603)
	at org.testng.SuiteRunner.runTest(SuiteRunner.java:429)
	at org.testng.SuiteRunner.runSequentially(SuiteRunner.java:423)
	at org.testng.SuiteRunner.privateRun(SuiteRunner.java:383)
	at org.testng.SuiteRunner.run(SuiteRunner.java:326)
	at org.testng.SuiteRunnerWorker.runSuite(SuiteRunnerWorker.java:52)
	at org.testng.SuiteRunnerWorker.run(SuiteRunnerWorker.java:95)
	at org.testng.TestNG.runSuitesSequentially(TestNG.java:1249)
	at org.testng.TestNG.runSuitesLocally(TestNG.java:1169)
	at org.testng.TestNG.runSuites(TestNG.java:1092)
	at org.testng.TestNG.run(TestNG.java:1060)
	at org.apache.maven.surefire.testng.TestNGExecutor.run(TestNGExecutor.java:283)
	at org.apache.maven.surefire.testng.TestNGXmlTestSuite.execute(TestNGXmlTestSuite.java:75)
	at org.apache.maven.surefire.testng.TestNGProvider.invoke(TestNGProvider.java:120)
	at org.apache.maven.surefire.booter.ForkedBooter.invokeProviderInSameClassLoader(ForkedBooter.java:386)
	at org.apache.maven.surefire.booter.ForkedBooter.runSuitesInProcess(ForkedBooter.java:323)
	at org.apache.maven.surefire.booter.ForkedBooter.main(ForkedBooter.java:143)
</pre></div></td>
<td>0</td>
<td>com.hrm.qa.tests.RecruitmentTest@7d61eccf</td></tr>
</table><p>
</body>
</html>