<?xml version="1.0" encoding="UTF-8"?>
<!-- Generated by org.testng.reporters.JUnitXMLReporter -->
<testsuite hostname="C02DCP4XML7H" ignored="0" name="Test" tests="12" failures="1" timestamp="2022-10-08T13:22:52 IST" time="105.614" errors="0">
  <testcase name="@AfterMethod tearDown" time="0.0" classname="com.hrm.qa.tests.RecruitmentTest">
    <failure type="java.lang.NullPointerException">
      <![CDATA[java.lang.NullPointerException
at com.hrm.qa.tests.RecruitmentTest.tearDown(RecruitmentTest.java:99)
at java.util.ArrayList.forEach(ArrayList.java:1259)
... Removed 35 stack frames]]>
    </failure>
  </testcase> <!-- @AfterMethod tearDown -->
  <testcase name="@BeforeMethod launchApplication" time="0.0" classname="com.hrm.qa.tests.RecruitmentTest">
    <skipped/>
  </testcase> <!-- @BeforeMethod launchApplication -->
  <testcase name="@AfterMethod tearDown" time="0.0" classname="com.hrm.qa.tests.RecruitmentTest">
    <skipped/>
  </testcase> <!-- @AfterMethod tearDown -->
  <testcase name="@BeforeMethod launchApplication" time="0.0" classname="com.hrm.qa.tests.RecruitmentTest">
    <skipped/>
  </testcase> <!-- @BeforeMethod launchApplication -->
  <testcase name="@AfterMethod tearDown" time="0.0" classname="com.hrm.qa.tests.RecruitmentTest">
    <skipped/>
  </testcase> <!-- @AfterMethod tearDown -->
  <testcase name="validateLoginPageTitle" time="0.041" classname="com.hrm.qa.tests.LoginPageTest"/>
  <testcase name="validateLoginButtonIsPresentAndEnabled" time="0.48" classname="com.hrm.qa.tests.LoginPageTest"/>
  <testcase name="enterCredentials" time="4.311" classname="com.hrm.qa.tests.LoginPageTest"/>
  <testcase name="validateLeavePageTabClickAndTitle" time="0.084" classname="com.hrm.qa.tests.LeavePageTest"/>
  <testcase name="selectLeaveMemeberCheckbox" time="2.117" classname="com.hrm.qa.tests.LeavePageTest"/>
  <testcase name="validateHomePageTitle" time="3.358" classname="com.hrm.qa.tests.HomePageTest"/>
  <testcase name="validateAdminHeadeClickAndTitle" time="6.144" classname="com.hrm.qa.tests.HomePageTest"/>
  <testcase name="validatePimPageTabClickAndTitle" time="6.12" classname="com.hrm.qa.tests.HomePageTest"/>
  <testcase name="validateLeavePageTabClickAndTitle" time="5.094" classname="com.hrm.qa.tests.HomePageTest">
    <failure type="java.lang.AssertionError" message="expected:&amp;lt;PIM&amp;gt; but was:&amp;lt;Leave&amp;gt;">
      <![CDATA[java.lang.AssertionError: expected:<PIM> but was:<Leave>
at com.hrm.qa.tests.HomePageTest.validateLeavePageTabClickAndTitle(HomePageTest.java:71)
at java.util.ArrayList.forEach(ArrayList.java:1259)
... Removed 32 stack frames]]>
    </failure>
  </testcase> <!-- validateLeavePageTabClickAndTitle -->
  <testcase name="validateRecruitmentPageTitle" time="2.065" classname="com.hrm.qa.tests.RecruitmentTest"/>
  <testcase name="enterCandidateCredentials" time="0.0" classname="com.hrm.qa.tests.RecruitmentTest">
    <skipped/>
  </testcase> <!-- enterCandidateCredentials -->
  <testcase name="enterCandidateCredentials" time="0.0" classname="com.hrm.qa.tests.RecruitmentTest">
    <skipped/>
  </testcase> <!-- enterCandidateCredentials -->
</testsuite> <!-- Test -->
