<?xml version="1.0" encoding="UTF-8"?>
<testng-results skipped="2" failed="1" ignored="0" total="12" passed="9">
  <reporter-output>
  </reporter-output>
  <suite name="Suite" duration-ms="105614" started-at="2022-10-08T13:21:06 IST" finished-at="2022-10-08T13:22:52 IST">
    <groups>
    </groups>
    <test name="Test" duration-ms="105614" started-at="2022-10-08T13:21:06 IST" finished-at="2022-10-08T13:22:52 IST">
      <class name="com.hrm.qa.tests.LeavePageTest">
        <test-method status="PASS" signature="logclassname()[pri:0, instance:com.hrm.qa.tests.LeavePageTest@21ca139c]" name="logclassname" is-config="true" duration-ms="1" started-at="2022-10-08T13:21:33 IST" finished-at="2022-10-08T13:21:33 IST">
          <reporter-output>
          </reporter-output>
        </test-method> <!-- logclassname -->
        <test-method status="PASS" signature="launchApplication()[pri:0, instance:com.hrm.qa.tests.LeavePageTest@21ca139c]" name="launchApplication" is-config="true" duration-ms="9087" started-at="2022-10-08T13:21:33 IST" finished-at="2022-10-08T13:21:42 IST">
          <reporter-output>
          </reporter-output>
        </test-method> <!-- launchApplication -->
        <test-method status="PASS" signature="validateLeavePageTabClickAndTitle()[pri:1, instance:com.hrm.qa.tests.LeavePageTest@21ca139c]" name="validateLeavePageTabClickAndTitle" duration-ms="84" started-at="2022-10-08T13:21:42 IST" finished-at="2022-10-08T13:21:42 IST">
          <reporter-output>
          </reporter-output>
        </test-method> <!-- validateLeavePageTabClickAndTitle -->
        <test-method status="PASS" signature="tearDown()[pri:0, instance:com.hrm.qa.tests.LeavePageTest@21ca139c]" name="tearDown" is-config="true" duration-ms="215" started-at="2022-10-08T13:21:42 IST" finished-at="2022-10-08T13:21:43 IST">
          <reporter-output>
          </reporter-output>
        </test-method> <!-- tearDown -->
        <test-method status="PASS" signature="launchApplication()[pri:0, instance:com.hrm.qa.tests.LeavePageTest@21ca139c]" name="launchApplication" is-config="true" duration-ms="9457" started-at="2022-10-08T13:21:43 IST" finished-at="2022-10-08T13:21:52 IST">
          <reporter-output>
          </reporter-output>
        </test-method> <!-- launchApplication -->
        <test-method status="PASS" signature="selectLeaveMemeberCheckbox()[pri:2, instance:com.hrm.qa.tests.LeavePageTest@21ca139c]" name="selectLeaveMemeberCheckbox" duration-ms="2117" started-at="2022-10-08T13:21:52 IST" finished-at="2022-10-08T13:21:54 IST">
          <reporter-output>
          </reporter-output>
        </test-method> <!-- selectLeaveMemeberCheckbox -->
        <test-method status="PASS" signature="tearDown()[pri:0, instance:com.hrm.qa.tests.LeavePageTest@21ca139c]" name="tearDown" is-config="true" duration-ms="200" started-at="2022-10-08T13:21:54 IST" finished-at="2022-10-08T13:21:54 IST">
          <reporter-output>
          </reporter-output>
        </test-method> <!-- tearDown -->
      </class> <!-- com.hrm.qa.tests.LeavePageTest -->
      <class name="com.hrm.qa.tests.HomePageTest">
        <test-method status="PASS" signature="logclassname()[pri:0, instance:com.hrm.qa.tests.HomePageTest@226f885f]" name="logclassname" is-config="true" duration-ms="1" started-at="2022-10-08T13:21:54 IST" finished-at="2022-10-08T13:21:54 IST">
          <reporter-output>
          </reporter-output>
        </test-method> <!-- logclassname -->
        <test-method status="PASS" signature="launchApplication()[pri:0, instance:com.hrm.qa.tests.HomePageTest@226f885f]" name="launchApplication" is-config="true" duration-ms="5531" started-at="2022-10-08T13:21:54 IST" finished-at="2022-10-08T13:22:00 IST">
          <reporter-output>
          </reporter-output>
        </test-method> <!-- launchApplication -->
        <test-method status="PASS" signature="validateHomePageTitle()[pri:1, instance:com.hrm.qa.tests.HomePageTest@226f885f]" name="validateHomePageTitle" duration-ms="3358" started-at="2022-10-08T13:22:00 IST" finished-at="2022-10-08T13:22:03 IST">
          <reporter-output>
          </reporter-output>
        </test-method> <!-- validateHomePageTitle -->
        <test-method status="PASS" signature="tearDown()[pri:0, instance:com.hrm.qa.tests.HomePageTest@226f885f]" name="tearDown" is-config="true" duration-ms="187" started-at="2022-10-08T13:22:03 IST" finished-at="2022-10-08T13:22:03 IST">
          <reporter-output>
          </reporter-output>
        </test-method> <!-- tearDown -->
        <test-method status="PASS" signature="launchApplication()[pri:0, instance:com.hrm.qa.tests.HomePageTest@226f885f]" name="launchApplication" is-config="true" duration-ms="5609" started-at="2022-10-08T13:22:03 IST" finished-at="2022-10-08T13:22:09 IST">
          <reporter-output>
          </reporter-output>
        </test-method> <!-- launchApplication -->
        <test-method status="PASS" signature="validateAdminHeadeClickAndTitle()[pri:2, instance:com.hrm.qa.tests.HomePageTest@226f885f]" name="validateAdminHeadeClickAndTitle" duration-ms="6144" started-at="2022-10-08T13:22:09 IST" finished-at="2022-10-08T13:22:15 IST">
          <reporter-output>
          </reporter-output>
        </test-method> <!-- validateAdminHeadeClickAndTitle -->
        <test-method status="PASS" signature="tearDown()[pri:0, instance:com.hrm.qa.tests.HomePageTest@226f885f]" name="tearDown" is-config="true" duration-ms="195" started-at="2022-10-08T13:22:15 IST" finished-at="2022-10-08T13:22:15 IST">
          <reporter-output>
          </reporter-output>
        </test-method> <!-- tearDown -->
        <test-method status="PASS" signature="launchApplication()[pri:0, instance:com.hrm.qa.tests.HomePageTest@226f885f]" name="launchApplication" is-config="true" duration-ms="5973" started-at="2022-10-08T13:22:15 IST" finished-at="2022-10-08T13:22:21 IST">
          <reporter-output>
          </reporter-output>
        </test-method> <!-- launchApplication -->
        <test-method status="PASS" signature="validatePimPageTabClickAndTitle()[pri:3, instance:com.hrm.qa.tests.HomePageTest@226f885f]" name="validatePimPageTabClickAndTitle" duration-ms="6120" started-at="2022-10-08T13:22:21 IST" finished-at="2022-10-08T13:22:28 IST">
          <reporter-output>
          </reporter-output>
        </test-method> <!-- validatePimPageTabClickAndTitle -->
        <test-method status="PASS" signature="tearDown()[pri:0, instance:com.hrm.qa.tests.HomePageTest@226f885f]" name="tearDown" is-config="true" duration-ms="217" started-at="2022-10-08T13:22:28 IST" finished-at="2022-10-08T13:22:28 IST">
          <reporter-output>
          </reporter-output>
        </test-method> <!-- tearDown -->
        <test-method status="PASS" signature="launchApplication()[pri:0, instance:com.hrm.qa.tests.HomePageTest@226f885f]" name="launchApplication" is-config="true" duration-ms="5337" started-at="2022-10-08T13:22:28 IST" finished-at="2022-10-08T13:22:33 IST">
          <reporter-output>
          </reporter-output>
        </test-method> <!-- launchApplication -->
        <test-method status="FAIL" signature="validateLeavePageTabClickAndTitle()[pri:4, instance:com.hrm.qa.tests.HomePageTest@226f885f]" name="validateLeavePageTabClickAndTitle" duration-ms="5094" started-at="2022-10-08T13:22:33 IST" finished-at="2022-10-08T13:22:38 IST">
          <exception class="java.lang.AssertionError">
            <message>
              <![CDATA[expected:<PIM> but was:<Leave>]]>
            </message>
            <full-stacktrace>
              <![CDATA[java.lang.AssertionError: expected:<PIM> but was:<Leave>
at org.testng.AssertJUnit.assertEquals(AssertJUnit.java:115)
at org.testng.AssertJUnit.assertEquals(AssertJUnit.java:125)
at com.hrm.qa.tests.HomePageTest.validateLeavePageTabClickAndTitle(HomePageTest.java:71)
at sun.reflect.NativeMethodAccessorImpl.invoke0(Native Method)
at sun.reflect.NativeMethodAccessorImpl.invoke(NativeMethodAccessorImpl.java:62)
at sun.reflect.DelegatingMethodAccessorImpl.invoke(DelegatingMethodAccessorImpl.java:43)
at java.lang.reflect.Method.invoke(Method.java:498)
at org.testng.internal.invokers.MethodInvocationHelper.invokeMethod(MethodInvocationHelper.java:135)
at org.testng.internal.invokers.TestInvoker.invokeMethod(TestInvoker.java:673)
at org.testng.internal.invokers.TestInvoker.invokeTestMethod(TestInvoker.java:220)
at org.testng.internal.invokers.MethodRunner.runInSequence(MethodRunner.java:50)
at org.testng.internal.invokers.TestInvoker$MethodInvocationAgent.invoke(TestInvoker.java:945)
at org.testng.internal.invokers.TestInvoker.invokeTestMethods(TestInvoker.java:193)
at org.testng.internal.invokers.TestMethodWorker.invokeTestMethods(TestMethodWorker.java:146)
at org.testng.internal.invokers.TestMethodWorker.run(TestMethodWorker.java:128)
at java.util.ArrayList.forEach(ArrayList.java:1259)
at org.testng.TestRunner.privateRun(TestRunner.java:808)
at org.testng.TestRunner.run(TestRunner.java:603)
at org.testng.SuiteRunner.runTest(SuiteRunner.java:429)
at org.testng.SuiteRunner.runSequentially(SuiteRunner.java:423)
at org.testng.SuiteRunner.privateRun(SuiteRunner.java:383)
at org.testng.SuiteRunner.run(SuiteRunner.java:326)
at org.testng.SuiteRunnerWorker.runSuite(SuiteRunnerWorker.java:52)
at org.testng.SuiteRunnerWorker.run(SuiteRunnerWorker.java:95)
at org.testng.TestNG.runSuitesSequentially(TestNG.java:1249)
at org.testng.TestNG.runSuitesLocally(TestNG.java:1169)
at org.testng.TestNG.runSuites(TestNG.java:1092)
at org.testng.TestNG.run(TestNG.java:1060)
at org.apache.maven.surefire.testng.TestNGExecutor.run(TestNGExecutor.java:283)
at org.apache.maven.surefire.testng.TestNGXmlTestSuite.execute(TestNGXmlTestSuite.java:75)
at org.apache.maven.surefire.testng.TestNGProvider.invoke(TestNGProvider.java:120)
at org.apache.maven.surefire.booter.ForkedBooter.invokeProviderInSameClassLoader(ForkedBooter.java:386)
at org.apache.maven.surefire.booter.ForkedBooter.runSuitesInProcess(ForkedBooter.java:323)
at org.apache.maven.surefire.booter.ForkedBooter.main(ForkedBooter.java:143)
]]>
            </full-stacktrace>
          </exception> <!-- java.lang.AssertionError -->
          <reporter-output>
          </reporter-output>
        </test-method> <!-- validateLeavePageTabClickAndTitle -->
        <test-method status="PASS" signature="tearDown()[pri:0, instance:com.hrm.qa.tests.HomePageTest@226f885f]" name="tearDown" is-config="true" duration-ms="228" started-at="2022-10-08T13:22:39 IST" finished-at="2022-10-08T13:22:39 IST">
          <reporter-output>
          </reporter-output>
        </test-method> <!-- tearDown -->
      </class> <!-- com.hrm.qa.tests.HomePageTest -->
      <class name="com.hrm.qa.tests.RecruitmentTest">
        <test-method status="PASS" signature="logclassname()[pri:0, instance:com.hrm.qa.tests.RecruitmentTest@7d61eccf]" name="logclassname" is-config="true" duration-ms="1" started-at="2022-10-08T13:22:39 IST" finished-at="2022-10-08T13:22:39 IST">
          <reporter-output>
          </reporter-output>
        </test-method> <!-- logclassname -->
        <test-method status="PASS" signature="launchApplication()[pri:0, instance:com.hrm.qa.tests.RecruitmentTest@7d61eccf]" name="launchApplication" is-config="true" duration-ms="9376" started-at="2022-10-08T13:22:39 IST" finished-at="2022-10-08T13:22:48 IST">
          <reporter-output>
          </reporter-output>
        </test-method> <!-- launchApplication -->
        <test-method status="PASS" signature="validateRecruitmentPageTitle()[pri:1, instance:com.hrm.qa.tests.RecruitmentTest@7d61eccf]" name="validateRecruitmentPageTitle" duration-ms="2065" started-at="2022-10-08T13:22:48 IST" finished-at="2022-10-08T13:22:50 IST">
          <reporter-output>
          </reporter-output>
        </test-method> <!-- validateRecruitmentPageTitle -->
        <test-method status="FAIL" signature="tearDown()[pri:0, instance:com.hrm.qa.tests.RecruitmentTest@7d61eccf]" name="tearDown" is-config="true" duration-ms="0" started-at="2022-10-08T13:22:50 IST" finished-at="2022-10-08T13:22:50 IST">
          <exception class="java.lang.NullPointerException">
            <full-stacktrace>
              <![CDATA[java.lang.NullPointerException
at com.hrm.qa.tests.RecruitmentTest.tearDown(RecruitmentTest.java:99)
at sun.reflect.NativeMethodAccessorImpl.invoke0(Native Method)
at sun.reflect.NativeMethodAccessorImpl.invoke(NativeMethodAccessorImpl.java:62)
at sun.reflect.DelegatingMethodAccessorImpl.invoke(DelegatingMethodAccessorImpl.java:43)
at java.lang.reflect.Method.invoke(Method.java:498)
at org.testng.internal.invokers.MethodInvocationHelper.invokeMethod(MethodInvocationHelper.java:135)
at org.testng.internal.invokers.MethodInvocationHelper.invokeMethodConsideringTimeout(MethodInvocationHelper.java:65)
at org.testng.internal.invokers.ConfigInvoker.invokeConfigurationMethod(ConfigInvoker.java:381)
at org.testng.internal.invokers.ConfigInvoker.invokeConfigurations(ConfigInvoker.java:319)
at org.testng.internal.invokers.TestInvoker.runConfigMethods(TestInvoker.java:803)
at org.testng.internal.invokers.TestInvoker.runAfterConfigurations(TestInvoker.java:772)
at org.testng.internal.invokers.TestInvoker.invokeMethod(TestInvoker.java:748)
at org.testng.internal.invokers.TestInvoker.invokeTestMethod(TestInvoker.java:220)
at org.testng.internal.invokers.MethodRunner.runInSequence(MethodRunner.java:50)
at org.testng.internal.invokers.TestInvoker$MethodInvocationAgent.invoke(TestInvoker.java:945)
at org.testng.internal.invokers.TestInvoker.invokeTestMethods(TestInvoker.java:193)
at org.testng.internal.invokers.TestMethodWorker.invokeTestMethods(TestMethodWorker.java:146)
at org.testng.internal.invokers.TestMethodWorker.run(TestMethodWorker.java:128)
at java.util.ArrayList.forEach(ArrayList.java:1259)
at org.testng.TestRunner.privateRun(TestRunner.java:808)
at org.testng.TestRunner.run(TestRunner.java:603)
at org.testng.SuiteRunner.runTest(SuiteRunner.java:429)
at org.testng.SuiteRunner.runSequentially(SuiteRunner.java:423)
at org.testng.SuiteRunner.privateRun(SuiteRunner.java:383)
at org.testng.SuiteRunner.run(SuiteRunner.java:326)
at org.testng.SuiteRunnerWorker.runSuite(SuiteRunnerWorker.java:52)
at org.testng.SuiteRunnerWorker.run(SuiteRunnerWorker.java:95)
at org.testng.TestNG.runSuitesSequentially(TestNG.java:1249)
at org.testng.TestNG.runSuitesLocally(TestNG.java:1169)
at org.testng.TestNG.runSuites(TestNG.java:1092)
at org.testng.TestNG.run(TestNG.java:1060)
at org.apache.maven.surefire.testng.TestNGExecutor.run(TestNGExecutor.java:283)
at org.apache.maven.surefire.testng.TestNGXmlTestSuite.execute(TestNGXmlTestSuite.java:75)
at org.apache.maven.surefire.testng.TestNGProvider.invoke(TestNGProvider.java:120)
at org.apache.maven.surefire.booter.ForkedBooter.invokeProviderInSameClassLoader(ForkedBooter.java:386)
at org.apache.maven.surefire.booter.ForkedBooter.runSuitesInProcess(ForkedBooter.java:323)
at org.apache.maven.surefire.booter.ForkedBooter.main(ForkedBooter.java:143)
]]>
            </full-stacktrace>
          </exception> <!-- java.lang.NullPointerException -->
          <reporter-output>
          </reporter-output>
        </test-method> <!-- tearDown -->
        <test-method status="SKIP" signature="launchApplication()[pri:0, instance:com.hrm.qa.tests.RecruitmentTest@7d61eccf]" name="launchApplication" is-config="true" duration-ms="0" started-at="2022-10-08T13:22:52 IST" finished-at="2022-10-08T13:22:52 IST">
          <reporter-output>
          </reporter-output>
        </test-method> <!-- launchApplication -->
        <test-method status="SKIP" signature="enterCandidateCredentials(java.lang.String,java.lang.String,java.lang.String,java.lang.String,java.lang.String,java.lang.String)[pri:2, instance:com.hrm.qa.tests.RecruitmentTest@7d61eccf]" name="enterCandidateCredentials" duration-ms="0" started-at="2022-10-08T13:22:52 IST" data-provider="getCandidateCreateTestData" finished-at="2022-10-08T13:22:52 IST">
          <params>
            <param index="0">
              <value>
                <![CDATA[Shiva]]>
              </value>
            </param>
            <param index="1">
              <value>
                <![CDATA[Shambhu]]>
              </value>
            </param>
            <param index="2">
              <value>
                <![CDATA[Senior QA Lead]]>
              </value>
            </param>
            <param index="3">
              <value>
                <![CDATA[shiva@bharat.co.in]]>
              </value>
            </param>
            <param index="4">
              <value>
                <![CDATA[9197919191]]>
              </value>
            </param>
            <param index="5">
              <value>
                <![CDATA[notes free text jai hind vande mataram]]>
              </value>
            </param>
          </params>
          <exception class="java.lang.NullPointerException">
            <full-stacktrace>
              <![CDATA[java.lang.NullPointerException
at com.hrm.qa.tests.RecruitmentTest.tearDown(RecruitmentTest.java:99)
at sun.reflect.NativeMethodAccessorImpl.invoke0(Native Method)
at sun.reflect.NativeMethodAccessorImpl.invoke(NativeMethodAccessorImpl.java:62)
at sun.reflect.DelegatingMethodAccessorImpl.invoke(DelegatingMethodAccessorImpl.java:43)
at java.lang.reflect.Method.invoke(Method.java:498)
at org.testng.internal.invokers.MethodInvocationHelper.invokeMethod(MethodInvocationHelper.java:135)
at org.testng.internal.invokers.MethodInvocationHelper.invokeMethodConsideringTimeout(MethodInvocationHelper.java:65)
at org.testng.internal.invokers.ConfigInvoker.invokeConfigurationMethod(ConfigInvoker.java:381)
at org.testng.internal.invokers.ConfigInvoker.invokeConfigurations(ConfigInvoker.java:319)
at org.testng.internal.invokers.TestInvoker.runConfigMethods(TestInvoker.java:803)
at org.testng.internal.invokers.TestInvoker.runAfterConfigurations(TestInvoker.java:772)
at org.testng.internal.invokers.TestInvoker.invokeMethod(TestInvoker.java:748)
at org.testng.internal.invokers.TestInvoker.invokeTestMethod(TestInvoker.java:220)
at org.testng.internal.invokers.MethodRunner.runInSequence(MethodRunner.java:50)
at org.testng.internal.invokers.TestInvoker$MethodInvocationAgent.invoke(TestInvoker.java:945)
at org.testng.internal.invokers.TestInvoker.invokeTestMethods(TestInvoker.java:193)
at org.testng.internal.invokers.TestMethodWorker.invokeTestMethods(TestMethodWorker.java:146)
at org.testng.internal.invokers.TestMethodWorker.run(TestMethodWorker.java:128)
at java.util.ArrayList.forEach(ArrayList.java:1259)
at org.testng.TestRunner.privateRun(TestRunner.java:808)
at org.testng.TestRunner.run(TestRunner.java:603)
at org.testng.SuiteRunner.runTest(SuiteRunner.java:429)
at org.testng.SuiteRunner.runSequentially(SuiteRunner.java:423)
at org.testng.SuiteRunner.privateRun(SuiteRunner.java:383)
at org.testng.SuiteRunner.run(SuiteRunner.java:326)
at org.testng.SuiteRunnerWorker.runSuite(SuiteRunnerWorker.java:52)
at org.testng.SuiteRunnerWorker.run(SuiteRunnerWorker.java:95)
at org.testng.TestNG.runSuitesSequentially(TestNG.java:1249)
at org.testng.TestNG.runSuitesLocally(TestNG.java:1169)
at org.testng.TestNG.runSuites(TestNG.java:1092)
at org.testng.TestNG.run(TestNG.java:1060)
at org.apache.maven.surefire.testng.TestNGExecutor.run(TestNGExecutor.java:283)
at org.apache.maven.surefire.testng.TestNGXmlTestSuite.execute(TestNGXmlTestSuite.java:75)
at org.apache.maven.surefire.testng.TestNGProvider.invoke(TestNGProvider.java:120)
at org.apache.maven.surefire.booter.ForkedBooter.invokeProviderInSameClassLoader(ForkedBooter.java:386)
at org.apache.maven.surefire.booter.ForkedBooter.runSuitesInProcess(ForkedBooter.java:323)
at org.apache.maven.surefire.booter.ForkedBooter.main(ForkedBooter.java:143)
]]>
            </full-stacktrace>
          </exception> <!-- java.lang.NullPointerException -->
          <reporter-output>
          </reporter-output>
        </test-method> <!-- enterCandidateCredentials -->
        <test-method status="SKIP" signature="tearDown()[pri:0, instance:com.hrm.qa.tests.RecruitmentTest@7d61eccf]" name="tearDown" is-config="true" duration-ms="0" started-at="2022-10-08T13:22:52 IST" finished-at="2022-10-08T13:22:52 IST">
          <reporter-output>
          </reporter-output>
        </test-method> <!-- tearDown -->
        <test-method status="SKIP" signature="launchApplication()[pri:0, instance:com.hrm.qa.tests.RecruitmentTest@7d61eccf]" name="launchApplication" is-config="true" duration-ms="0" started-at="2022-10-08T13:22:52 IST" finished-at="2022-10-08T13:22:52 IST">
          <reporter-output>
          </reporter-output>
        </test-method> <!-- launchApplication -->
        <test-method status="SKIP" signature="enterCandidateCredentials(java.lang.String,java.lang.String,java.lang.String,java.lang.String,java.lang.String,java.lang.String)[pri:2, instance:com.hrm.qa.tests.RecruitmentTest@7d61eccf]" name="enterCandidateCredentials" duration-ms="0" started-at="2022-10-08T13:22:52 IST" data-provider="getCandidateCreateTestData" finished-at="2022-10-08T13:22:52 IST">
          <params>
            <param index="0">
              <value>
                <![CDATA[Shakti]]>
              </value>
            </param>
            <param index="1">
              <value>
                <![CDATA[Shambhu]]>
              </value>
            </param>
            <param index="2">
              <value>
                <![CDATA[Senior QA Lead]]>
              </value>
            </param>
            <param index="3">
              <value>
                <![CDATA[shakti@bharat.co.in]]>
              </value>
            </param>
            <param index="4">
              <value>
                <![CDATA[9711919191]]>
              </value>
            </param>
            <param index="5">
              <value>
                <![CDATA[notes free text jai hind vande mataram]]>
              </value>
            </param>
          </params>
          <exception class="java.lang.NullPointerException">
            <full-stacktrace>
              <![CDATA[java.lang.NullPointerException
at com.hrm.qa.tests.RecruitmentTest.tearDown(RecruitmentTest.java:99)
at sun.reflect.NativeMethodAccessorImpl.invoke0(Native Method)
at sun.reflect.NativeMethodAccessorImpl.invoke(NativeMethodAccessorImpl.java:62)
at sun.reflect.DelegatingMethodAccessorImpl.invoke(DelegatingMethodAccessorImpl.java:43)
at java.lang.reflect.Method.invoke(Method.java:498)
at org.testng.internal.invokers.MethodInvocationHelper.invokeMethod(MethodInvocationHelper.java:135)
at org.testng.internal.invokers.MethodInvocationHelper.invokeMethodConsideringTimeout(MethodInvocationHelper.java:65)
at org.testng.internal.invokers.ConfigInvoker.invokeConfigurationMethod(ConfigInvoker.java:381)
at org.testng.internal.invokers.ConfigInvoker.invokeConfigurations(ConfigInvoker.java:319)
at org.testng.internal.invokers.TestInvoker.runConfigMethods(TestInvoker.java:803)
at org.testng.internal.invokers.TestInvoker.runAfterConfigurations(TestInvoker.java:772)
at org.testng.internal.invokers.TestInvoker.invokeMethod(TestInvoker.java:748)
at org.testng.internal.invokers.TestInvoker.invokeTestMethod(TestInvoker.java:220)
at org.testng.internal.invokers.MethodRunner.runInSequence(MethodRunner.java:50)
at org.testng.internal.invokers.TestInvoker$MethodInvocationAgent.invoke(TestInvoker.java:945)
at org.testng.internal.invokers.TestInvoker.invokeTestMethods(TestInvoker.java:193)
at org.testng.internal.invokers.TestMethodWorker.invokeTestMethods(TestMethodWorker.java:146)
at org.testng.internal.invokers.TestMethodWorker.run(TestMethodWorker.java:128)
at java.util.ArrayList.forEach(ArrayList.java:1259)
at org.testng.TestRunner.privateRun(TestRunner.java:808)
at org.testng.TestRunner.run(TestRunner.java:603)
at org.testng.SuiteRunner.runTest(SuiteRunner.java:429)
at org.testng.SuiteRunner.runSequentially(SuiteRunner.java:423)
at org.testng.SuiteRunner.privateRun(SuiteRunner.java:383)
at org.testng.SuiteRunner.run(SuiteRunner.java:326)
at org.testng.SuiteRunnerWorker.runSuite(SuiteRunnerWorker.java:52)
at org.testng.SuiteRunnerWorker.run(SuiteRunnerWorker.java:95)
at org.testng.TestNG.runSuitesSequentially(TestNG.java:1249)
at org.testng.TestNG.runSuitesLocally(TestNG.java:1169)
at org.testng.TestNG.runSuites(TestNG.java:1092)
at org.testng.TestNG.run(TestNG.java:1060)
at org.apache.maven.surefire.testng.TestNGExecutor.run(TestNGExecutor.java:283)
at org.apache.maven.surefire.testng.TestNGXmlTestSuite.execute(TestNGXmlTestSuite.java:75)
at org.apache.maven.surefire.testng.TestNGProvider.invoke(TestNGProvider.java:120)
at org.apache.maven.surefire.booter.ForkedBooter.invokeProviderInSameClassLoader(ForkedBooter.java:386)
at org.apache.maven.surefire.booter.ForkedBooter.runSuitesInProcess(ForkedBooter.java:323)
at org.apache.maven.surefire.booter.ForkedBooter.main(ForkedBooter.java:143)
]]>
            </full-stacktrace>
          </exception> <!-- java.lang.NullPointerException -->
          <reporter-output>
          </reporter-output>
        </test-method> <!-- enterCandidateCredentials -->
        <test-method status="SKIP" signature="tearDown()[pri:0, instance:com.hrm.qa.tests.RecruitmentTest@7d61eccf]" name="tearDown" is-config="true" duration-ms="0" started-at="2022-10-08T13:22:52 IST" finished-at="2022-10-08T13:22:52 IST">
          <reporter-output>
          </reporter-output>
        </test-method> <!-- tearDown -->
      </class> <!-- com.hrm.qa.tests.RecruitmentTest -->
      <class name="com.hrm.qa.tests.LoginPageTest">
        <test-method status="PASS" signature="logclassname()[pri:0, instance:com.hrm.qa.tests.LoginPageTest@5ef8df1e]" name="logclassname" is-config="true" duration-ms="845" started-at="2022-10-08T13:21:06 IST" finished-at="2022-10-08T13:21:07 IST">
          <reporter-output>
          </reporter-output>
        </test-method> <!-- logclassname -->
        <test-method status="PASS" signature="launchApplication()[pri:0, instance:com.hrm.qa.tests.LoginPageTest@5ef8df1e]" name="launchApplication" is-config="true" duration-ms="6965" started-at="2022-10-08T13:21:07 IST" finished-at="2022-10-08T13:21:14 IST">
          <reporter-output>
          </reporter-output>
        </test-method> <!-- launchApplication -->
        <test-method status="PASS" signature="validateLoginPageTitle()[pri:1, instance:com.hrm.qa.tests.LoginPageTest@5ef8df1e]" name="validateLoginPageTitle" duration-ms="41" started-at="2022-10-08T13:21:14 IST" finished-at="2022-10-08T13:21:14 IST">
          <reporter-output>
          </reporter-output>
        </test-method> <!-- validateLoginPageTitle -->
        <test-method status="PASS" signature="tearDown()[pri:0, instance:com.hrm.qa.tests.LoginPageTest@5ef8df1e]" name="tearDown" is-config="true" duration-ms="352" started-at="2022-10-08T13:21:14 IST" finished-at="2022-10-08T13:21:14 IST">
          <reporter-output>
          </reporter-output>
        </test-method> <!-- tearDown -->
        <test-method status="PASS" signature="launchApplication()[pri:0, instance:com.hrm.qa.tests.LoginPageTest@5ef8df1e]" name="launchApplication" is-config="true" duration-ms="5970" started-at="2022-10-08T13:21:14 IST" finished-at="2022-10-08T13:21:20 IST">
          <reporter-output>
          </reporter-output>
        </test-method> <!-- launchApplication -->
        <test-method status="PASS" signature="validateLoginButtonIsPresentAndEnabled()[pri:2, instance:com.hrm.qa.tests.LoginPageTest@5ef8df1e]" name="validateLoginButtonIsPresentAndEnabled" duration-ms="480" started-at="2022-10-08T13:21:20 IST" finished-at="2022-10-08T13:21:21 IST">
          <reporter-output>
          </reporter-output>
        </test-method> <!-- validateLoginButtonIsPresentAndEnabled -->
        <test-method status="PASS" signature="tearDown()[pri:0, instance:com.hrm.qa.tests.LoginPageTest@5ef8df1e]" name="tearDown" is-config="true" duration-ms="187" started-at="2022-10-08T13:21:21 IST" finished-at="2022-10-08T13:21:21 IST">
          <reporter-output>
          </reporter-output>
        </test-method> <!-- tearDown -->
        <test-method status="PASS" signature="launchApplication()[pri:0, instance:com.hrm.qa.tests.LoginPageTest@5ef8df1e]" name="launchApplication" is-config="true" duration-ms="7663" started-at="2022-10-08T13:21:21 IST" finished-at="2022-10-08T13:21:29 IST">
          <reporter-output>
          </reporter-output>
        </test-method> <!-- launchApplication -->
        <test-method status="PASS" signature="enterCredentials()[pri:3, instance:com.hrm.qa.tests.LoginPageTest@5ef8df1e]" name="enterCredentials" duration-ms="4311" started-at="2022-10-08T13:21:29 IST" finished-at="2022-10-08T13:21:33 IST">
          <reporter-output>
          </reporter-output>
        </test-method> <!-- enterCredentials -->
        <test-method status="PASS" signature="tearDown()[pri:0, instance:com.hrm.qa.tests.LoginPageTest@5ef8df1e]" name="tearDown" is-config="true" duration-ms="214" started-at="2022-10-08T13:21:33 IST" finished-at="2022-10-08T13:21:33 IST">
          <reporter-output>
          </reporter-output>
        </test-method> <!-- tearDown -->
      </class> <!-- com.hrm.qa.tests.LoginPageTest -->
    </test> <!-- Test -->
  </suite> <!-- Suite -->
</testng-results>
