<?xml version="1.0" encoding="UTF-8"?>
<testng-results skipped="0" failed="1" ignored="0" retried="2" total="5" passed="2">
  <reporter-output>
  </reporter-output>
  <suite name="Suite" duration-ms="73681" started-at="2022-10-08T16:10:14 IST" finished-at="2022-10-08T16:11:27 IST">
    <groups>
    </groups>
    <test name="Test" duration-ms="73681" started-at="2022-10-08T16:10:14 IST" finished-at="2022-10-08T16:11:27 IST">
      <class name="com.hrm.qa.tests.RecruitmentTest">
        <test-method status="PASS" signature="logclassname()[pri:0, instance:com.hrm.qa.tests.RecruitmentTest@54f5f647]" name="logclassname" is-config="true" duration-ms="953" started-at="2022-10-08T16:10:14 IST" finished-at="2022-10-08T16:10:15 IST">
          <reporter-output>
          </reporter-output>
        </test-method> <!-- logclassname -->
        <test-method status="PASS" signature="launchApplication()[pri:0, instance:com.hrm.qa.tests.RecruitmentTest@54f5f647]" name="launchApplication" is-config="true" duration-ms="12763" started-at="2022-10-08T16:10:15 IST" finished-at="2022-10-08T16:10:28 IST">
          <reporter-output>
          </reporter-output>
        </test-method> <!-- launchApplication -->
        <test-method status="SKIP" signature="validateRecruitmentPageTitle()[pri:1, instance:com.hrm.qa.tests.RecruitmentTest@54f5f647]" name="validateRecruitmentPageTitle" duration-ms="1135" retried="true" started-at="2022-10-08T16:10:28 IST" finished-at="2022-10-08T16:10:29 IST">
          <exception class="java.lang.AssertionError">
            <message>
              <![CDATA[expected [Recruitments] but found [Recruitment]]]>
            </message>
            <full-stacktrace>
              <![CDATA[java.lang.AssertionError: expected [Recruitments] but found [Recruitment]
at org.testng.Assert.fail(Assert.java:110)
at org.testng.Assert.failNotEquals(Assert.java:1413)
at org.testng.Assert.assertEqualsImpl(Assert.java:149)
at org.testng.Assert.assertEquals(Assert.java:131)
at org.testng.Assert.assertEquals(Assert.java:655)
at org.testng.Assert.assertEquals(Assert.java:665)
at com.hrm.qa.tests.RecruitmentTest.validateRecruitmentPageTitle(RecruitmentTest.java:71)
at sun.reflect.NativeMethodAccessorImpl.invoke0(Native Method)
at sun.reflect.NativeMethodAccessorImpl.invoke(NativeMethodAccessorImpl.java:62)
at sun.reflect.DelegatingMethodAccessorImpl.invoke(DelegatingMethodAccessorImpl.java:43)
at java.lang.reflect.Method.invoke(Method.java:498)
at org.testng.internal.invokers.MethodInvocationHelper.invokeMethod(MethodInvocationHelper.java:135)
at org.testng.internal.invokers.TestInvoker.invokeMethod(TestInvoker.java:673)
at org.testng.internal.invokers.TestInvoker.invokeTestMethod(TestInvoker.java:220)
at org.testng.internal.invokers.MethodRunner.runInSequence(MethodRunner.java:50)
at org.testng.internal.invokers.TestInvoker$MethodInvocationAgent.invoke(TestInvoker.java:945)
at org.testng.internal.invokers.TestInvoker.invokeTestMethods(TestInvoker.java:193)
at org.testng.internal.invokers.TestMethodWorker.invokeTestMethods(TestMethodWorker.java:146)
at org.testng.internal.invokers.TestMethodWorker.run(TestMethodWorker.java:128)
at java.util.ArrayList.forEach(ArrayList.java:1259)
at org.testng.TestRunner.privateRun(TestRunner.java:808)
at org.testng.TestRunner.run(TestRunner.java:603)
at org.testng.SuiteRunner.runTest(SuiteRunner.java:429)
at org.testng.SuiteRunner.runSequentially(SuiteRunner.java:423)
at org.testng.SuiteRunner.privateRun(SuiteRunner.java:383)
at org.testng.SuiteRunner.run(SuiteRunner.java:326)
at org.testng.SuiteRunnerWorker.runSuite(SuiteRunnerWorker.java:52)
at org.testng.SuiteRunnerWorker.run(SuiteRunnerWorker.java:95)
at org.testng.TestNG.runSuitesSequentially(TestNG.java:1249)
at org.testng.TestNG.runSuitesLocally(TestNG.java:1169)
at org.testng.TestNG.runSuites(TestNG.java:1092)
at org.testng.TestNG.run(TestNG.java:1060)
at org.testng.remote.AbstractRemoteTestNG.run(AbstractRemoteTestNG.java:115)
at org.testng.remote.RemoteTestNG.initAndRun(RemoteTestNG.java:251)
at org.testng.remote.RemoteTestNG.main(RemoteTestNG.java:77)
]]>
            </full-stacktrace>
          </exception> <!-- java.lang.AssertionError -->
          <reporter-output>
          </reporter-output>
        </test-method> <!-- validateRecruitmentPageTitle -->
        <test-method status="PASS" signature="tearDown()[pri:0, instance:com.hrm.qa.tests.RecruitmentTest@54f5f647]" name="tearDown" is-config="true" duration-ms="235" started-at="2022-10-08T16:10:29 IST" finished-at="2022-10-08T16:10:29 IST">
          <reporter-output>
          </reporter-output>
        </test-method> <!-- tearDown -->
        <test-method status="PASS" signature="launchApplication()[pri:0, instance:com.hrm.qa.tests.RecruitmentTest@54f5f647]" name="launchApplication" is-config="true" duration-ms="9621" started-at="2022-10-08T16:10:29 IST" finished-at="2022-10-08T16:10:39 IST">
          <reporter-output>
          </reporter-output>
        </test-method> <!-- launchApplication -->
        <test-method status="SKIP" signature="validateRecruitmentPageTitle()[pri:1, instance:com.hrm.qa.tests.RecruitmentTest@54f5f647]" name="validateRecruitmentPageTitle" duration-ms="1064" retried="true" started-at="2022-10-08T16:10:39 IST" finished-at="2022-10-08T16:10:40 IST">
          <exception class="java.lang.AssertionError">
            <message>
              <![CDATA[expected [Recruitments] but found [Recruitment]]]>
            </message>
            <full-stacktrace>
              <![CDATA[java.lang.AssertionError: expected [Recruitments] but found [Recruitment]
at org.testng.Assert.fail(Assert.java:110)
at org.testng.Assert.failNotEquals(Assert.java:1413)
at org.testng.Assert.assertEqualsImpl(Assert.java:149)
at org.testng.Assert.assertEquals(Assert.java:131)
at org.testng.Assert.assertEquals(Assert.java:655)
at org.testng.Assert.assertEquals(Assert.java:665)
at com.hrm.qa.tests.RecruitmentTest.validateRecruitmentPageTitle(RecruitmentTest.java:71)
at sun.reflect.NativeMethodAccessorImpl.invoke0(Native Method)
at sun.reflect.NativeMethodAccessorImpl.invoke(NativeMethodAccessorImpl.java:62)
at sun.reflect.DelegatingMethodAccessorImpl.invoke(DelegatingMethodAccessorImpl.java:43)
at java.lang.reflect.Method.invoke(Method.java:498)
at org.testng.internal.invokers.MethodInvocationHelper.invokeMethod(MethodInvocationHelper.java:135)
at org.testng.internal.invokers.TestInvoker.invokeMethod(TestInvoker.java:673)
at org.testng.internal.invokers.TestInvoker.retryFailed(TestInvoker.java:262)
at org.testng.internal.invokers.MethodRunner.runInSequence(MethodRunner.java:62)
at org.testng.internal.invokers.TestInvoker$MethodInvocationAgent.invoke(TestInvoker.java:945)
at org.testng.internal.invokers.TestInvoker.invokeTestMethods(TestInvoker.java:193)
at org.testng.internal.invokers.TestMethodWorker.invokeTestMethods(TestMethodWorker.java:146)
at org.testng.internal.invokers.TestMethodWorker.run(TestMethodWorker.java:128)
at java.util.ArrayList.forEach(ArrayList.java:1259)
at org.testng.TestRunner.privateRun(TestRunner.java:808)
at org.testng.TestRunner.run(TestRunner.java:603)
at org.testng.SuiteRunner.runTest(SuiteRunner.java:429)
at org.testng.SuiteRunner.runSequentially(SuiteRunner.java:423)
at org.testng.SuiteRunner.privateRun(SuiteRunner.java:383)
at org.testng.SuiteRunner.run(SuiteRunner.java:326)
at org.testng.SuiteRunnerWorker.runSuite(SuiteRunnerWorker.java:52)
at org.testng.SuiteRunnerWorker.run(SuiteRunnerWorker.java:95)
at org.testng.TestNG.runSuitesSequentially(TestNG.java:1249)
at org.testng.TestNG.runSuitesLocally(TestNG.java:1169)
at org.testng.TestNG.runSuites(TestNG.java:1092)
at org.testng.TestNG.run(TestNG.java:1060)
at org.testng.remote.AbstractRemoteTestNG.run(AbstractRemoteTestNG.java:115)
at org.testng.remote.RemoteTestNG.initAndRun(RemoteTestNG.java:251)
at org.testng.remote.RemoteTestNG.main(RemoteTestNG.java:77)
]]>
            </full-stacktrace>
          </exception> <!-- java.lang.AssertionError -->
          <reporter-output>
          </reporter-output>
        </test-method> <!-- validateRecruitmentPageTitle -->
        <test-method status="PASS" signature="tearDown()[pri:0, instance:com.hrm.qa.tests.RecruitmentTest@54f5f647]" name="tearDown" is-config="true" duration-ms="162" started-at="2022-10-08T16:10:40 IST" finished-at="2022-10-08T16:10:40 IST">
          <reporter-output>
          </reporter-output>
        </test-method> <!-- tearDown -->
        <test-method status="PASS" signature="launchApplication()[pri:0, instance:com.hrm.qa.tests.RecruitmentTest@54f5f647]" name="launchApplication" is-config="true" duration-ms="10318" started-at="2022-10-08T16:10:40 IST" finished-at="2022-10-08T16:10:50 IST">
          <reporter-output>
          </reporter-output>
        </test-method> <!-- launchApplication -->
        <test-method status="FAIL" signature="validateRecruitmentPageTitle()[pri:1, instance:com.hrm.qa.tests.RecruitmentTest@54f5f647]" name="validateRecruitmentPageTitle" duration-ms="1067" started-at="2022-10-08T16:10:50 IST" finished-at="2022-10-08T16:10:51 IST">
          <exception class="java.lang.AssertionError">
            <message>
              <![CDATA[expected [Recruitments] but found [Recruitment]]]>
            </message>
            <full-stacktrace>
              <![CDATA[java.lang.AssertionError: expected [Recruitments] but found [Recruitment]
at org.testng.Assert.fail(Assert.java:110)
at org.testng.Assert.failNotEquals(Assert.java:1413)
at org.testng.Assert.assertEqualsImpl(Assert.java:149)
at org.testng.Assert.assertEquals(Assert.java:131)
at org.testng.Assert.assertEquals(Assert.java:655)
at org.testng.Assert.assertEquals(Assert.java:665)
at com.hrm.qa.tests.RecruitmentTest.validateRecruitmentPageTitle(RecruitmentTest.java:71)
at sun.reflect.NativeMethodAccessorImpl.invoke0(Native Method)
at sun.reflect.NativeMethodAccessorImpl.invoke(NativeMethodAccessorImpl.java:62)
at sun.reflect.DelegatingMethodAccessorImpl.invoke(DelegatingMethodAccessorImpl.java:43)
at java.lang.reflect.Method.invoke(Method.java:498)
at org.testng.internal.invokers.MethodInvocationHelper.invokeMethod(MethodInvocationHelper.java:135)
at org.testng.internal.invokers.TestInvoker.invokeMethod(TestInvoker.java:673)
at org.testng.internal.invokers.TestInvoker.retryFailed(TestInvoker.java:262)
at org.testng.internal.invokers.MethodRunner.runInSequence(MethodRunner.java:62)
at org.testng.internal.invokers.TestInvoker$MethodInvocationAgent.invoke(TestInvoker.java:945)
at org.testng.internal.invokers.TestInvoker.invokeTestMethods(TestInvoker.java:193)
at org.testng.internal.invokers.TestMethodWorker.invokeTestMethods(TestMethodWorker.java:146)
at org.testng.internal.invokers.TestMethodWorker.run(TestMethodWorker.java:128)
at java.util.ArrayList.forEach(ArrayList.java:1259)
at org.testng.TestRunner.privateRun(TestRunner.java:808)
at org.testng.TestRunner.run(TestRunner.java:603)
at org.testng.SuiteRunner.runTest(SuiteRunner.java:429)
at org.testng.SuiteRunner.runSequentially(SuiteRunner.java:423)
at org.testng.SuiteRunner.privateRun(SuiteRunner.java:383)
at org.testng.SuiteRunner.run(SuiteRunner.java:326)
at org.testng.SuiteRunnerWorker.runSuite(SuiteRunnerWorker.java:52)
at org.testng.SuiteRunnerWorker.run(SuiteRunnerWorker.java:95)
at org.testng.TestNG.runSuitesSequentially(TestNG.java:1249)
at org.testng.TestNG.runSuitesLocally(TestNG.java:1169)
at org.testng.TestNG.runSuites(TestNG.java:1092)
at org.testng.TestNG.run(TestNG.java:1060)
at org.testng.remote.AbstractRemoteTestNG.run(AbstractRemoteTestNG.java:115)
at org.testng.remote.RemoteTestNG.initAndRun(RemoteTestNG.java:251)
at org.testng.remote.RemoteTestNG.main(RemoteTestNG.java:77)
]]>
            </full-stacktrace>
          </exception> <!-- java.lang.AssertionError -->
          <reporter-output>
          </reporter-output>
        </test-method> <!-- validateRecruitmentPageTitle -->
        <test-method status="PASS" signature="tearDown()[pri:0, instance:com.hrm.qa.tests.RecruitmentTest@54f5f647]" name="tearDown" is-config="true" duration-ms="224" started-at="2022-10-08T16:10:52 IST" finished-at="2022-10-08T16:10:52 IST">
          <reporter-output>
          </reporter-output>
        </test-method> <!-- tearDown -->
        <test-method status="PASS" signature="launchApplication()[pri:0, instance:com.hrm.qa.tests.RecruitmentTest@54f5f647]" name="launchApplication" is-config="true" duration-ms="10308" started-at="2022-10-08T16:10:53 IST" finished-at="2022-10-08T16:11:03 IST">
          <reporter-output>
          </reporter-output>
        </test-method> <!-- launchApplication -->
        <test-method status="PASS" signature="enterCandidateCredentials(java.lang.String,java.lang.String,java.lang.String,java.lang.String,java.lang.String,java.lang.String)[pri:2, instance:com.hrm.qa.tests.RecruitmentTest@54f5f647]" name="enterCandidateCredentials" duration-ms="7004" started-at="2022-10-08T16:11:03 IST" data-provider="getCandidateCreateTestData" finished-at="2022-10-08T16:11:10 IST">
          <params>
            <param index="0">
              <value>
                <![CDATA[Shiva]]>
              </value>
            </param>
            <param index="1">
              <value>
                <![CDATA[Shambhu]]>
              </value>
            </param>
            <param index="2">
              <value>
                <![CDATA[Senior QA Lead]]>
              </value>
            </param>
            <param index="3">
              <value>
                <![CDATA[shiva@bharat.co.in]]>
              </value>
            </param>
            <param index="4">
              <value>
                <![CDATA[9197919191]]>
              </value>
            </param>
            <param index="5">
              <value>
                <![CDATA[notes free text jai hind vande mataram]]>
              </value>
            </param>
          </params>
          <reporter-output>
          </reporter-output>
        </test-method> <!-- enterCandidateCredentials -->
        <test-method status="PASS" signature="tearDown()[pri:0, instance:com.hrm.qa.tests.RecruitmentTest@54f5f647]" name="tearDown" is-config="true" duration-ms="233" started-at="2022-10-08T16:11:10 IST" finished-at="2022-10-08T16:11:11 IST">
          <reporter-output>
          </reporter-output>
        </test-method> <!-- tearDown -->
        <test-method status="PASS" signature="launchApplication()[pri:0, instance:com.hrm.qa.tests.RecruitmentTest@54f5f647]" name="launchApplication" is-config="true" duration-ms="9763" started-at="2022-10-08T16:11:11 IST" finished-at="2022-10-08T16:11:20 IST">
          <reporter-output>
          </reporter-output>
        </test-method> <!-- launchApplication -->
        <test-method status="PASS" signature="enterCandidateCredentials(java.lang.String,java.lang.String,java.lang.String,java.lang.String,java.lang.String,java.lang.String)[pri:2, instance:com.hrm.qa.tests.RecruitmentTest@54f5f647]" name="enterCandidateCredentials" duration-ms="6788" started-at="2022-10-08T16:11:20 IST" data-provider="getCandidateCreateTestData" finished-at="2022-10-08T16:11:27 IST">
          <params>
            <param index="0">
              <value>
                <![CDATA[Shakti]]>
              </value>
            </param>
            <param index="1">
              <value>
                <![CDATA[Shambhu]]>
              </value>
            </param>
            <param index="2">
              <value>
                <![CDATA[Senior QA Lead]]>
              </value>
            </param>
            <param index="3">
              <value>
                <![CDATA[shakti@bharat.co.in]]>
              </value>
            </param>
            <param index="4">
              <value>
                <![CDATA[9711919191]]>
              </value>
            </param>
            <param index="5">
              <value>
                <![CDATA[notes free text jai hind vande mataram]]>
              </value>
            </param>
          </params>
          <reporter-output>
          </reporter-output>
        </test-method> <!-- enterCandidateCredentials -->
        <test-method status="PASS" signature="tearDown()[pri:0, instance:com.hrm.qa.tests.RecruitmentTest@54f5f647]" name="tearDown" is-config="true" duration-ms="217" started-at="2022-10-08T16:11:27 IST" finished-at="2022-10-08T16:11:27 IST">
          <reporter-output>
          </reporter-output>
        </test-method> <!-- tearDown -->
      </class> <!-- com.hrm.qa.tests.RecruitmentTest -->
    </test> <!-- Test -->
  </suite> <!-- Suite -->
</testng-results>
